09:43:03 PM: DEBUG [logger_base.py:12] Mensaje a nivel debug
09:43:03 PM: INFO [logger_base.py:13] Mensaje a nivel info
09:43:03 PM: WARNING [logger_base.py:14] Mensaje a nivel warning
09:43:03 PM: ERROR [logger_base.py:15] Mensaje a nivel error
09:43:03 PM: CRITICAL [logger_base.py:16] Mensaje a nivel critical
10:38:13 PM: DEBUG [logger_base.py:12] Mensaje a nivel debug
10:38:13 PM: INFO [logger_base.py:13] Mensaje a nivel info
10:38:13 PM: WARNING [logger_base.py:14] Mensaje a nivel warning
10:38:13 PM: ERROR [logger_base.py:15] Mensaje a nivel error
10:38:13 PM: CRITICAL [logger_base.py:16] Mensaje a nivel critical
10:44:13 PM: DEBUG [Persona.py:50] 
            Id Persona: 1, Nombre: Juan, Apellido: Perez,
            Email jperez@mail.com
        
10:49:43 PM: DEBUG [logger_base.py:12] Mensaje a nivel debug
10:49:43 PM: INFO [logger_base.py:13] Mensaje a nivel info
10:49:43 PM: WARNING [logger_base.py:14] Mensaje a nivel warning
10:49:43 PM: ERROR [logger_base.py:15] Mensaje a nivel error
10:49:43 PM: CRITICAL [logger_base.py:16] Mensaje a nivel critical
10:50:12 PM: CRITICAL [logger_base.py:16] Mensaje a nivel critical
10:50:44 PM: DEBUG [logger_base.py:12] Mensaje a nivel debug
10:50:44 PM: INFO [logger_base.py:13] Mensaje a nivel info
10:50:44 PM: WARNING [logger_base.py:14] Mensaje a nivel warning
10:50:44 PM: ERROR [logger_base.py:15] Mensaje a nivel error
10:50:44 PM: CRITICAL [logger_base.py:16] Mensaje a nivel critical
10:51:26 PM: DEBUG [Persona.py:50] 
            Id Persona: 1, Nombre: Juan, Apellido: Perez,
            Email jperez@mail.com
        
10:55:23 PM: DEBUG [Persona.py:50] 
            Id Persona: 1, Nombre: Juan, Apellido: Perez,
            Email jperez@mail.com
        
10:55:23 PM: DEBUG [Persona.py:52] 
            Id Persona: None, Nombre: Juan, Apellido: Perez,
            Email jperez@mail.com
        
10:57:08 PM: DEBUG [Persona.py:50] 
            Id Persona: 1, Nombre: Juan, Apellido: Perez,
            Email jperez@mail.com
        
10:57:08 PM: DEBUG [Persona.py:53] 
            Id Persona: None, Nombre: Juan, Apellido: Perez,
            Email jperez@mail.com
        
10:57:08 PM: DEBUG [Persona.py:56] 
            Id Persona: 1, Nombre: None, Apellido: None,
            Email None
        
11:03:01 PM: DEBUG [conexion.py:22] Conexión exitosa: <connection object at 0x0000028514A8ABD0; dsn: 'user=postgres password=xxx dbname=test_db host=127.0.0.1 port=5432', closed: 0>
11:03:40 PM: ERROR [conexion.py:25] Ocurrió una excepción al obtener la conexión connection to server at "127.0.0.1", port 5432 failed: FATAL:  password authentication failed for user "postgres1"

11:03:58 PM: DEBUG [conexion.py:22] Conexión exitosa: <connection object at 0x0000023FD908ABD0; dsn: 'user=postgres password=xxx dbname=test_db host=127.0.0.1 port=5432', closed: 0>
11:04:19 PM: DEBUG [conexion.py:22] Conexión exitosa: <connection object at 0x000001D95AA4ABD0; dsn: 'user=postgres password=xxx dbname=test_db host=127.0.0.1 port=5432', closed: 0>
11:04:19 PM: DEBUG [conexion.py:35] Se abrió correctamente el cursor: <cursor object at 0x000001D95ABD8040; closed: 0>
11:39:11 PM: DEBUG [conexion.py:22] Conexión exitosa: <connection object at 0x000001549C477450; dsn: 'user=postgres password=xxx dbname=test_db host=127.0.0.1 port=5432', closed: 0>
11:39:11 PM: DEBUG [conexion.py:35] Se abrió correctamente el cursor: <cursor object at 0x000001549CCD51C0; closed: 0>
11:39:11 PM: DEBUG [Persona_DAO.py:29] 
            Id Persona: 1, Nombre: Juan, Apellido: Perez,
            Email jperez@mail.com
        
11:39:11 PM: DEBUG [Persona_DAO.py:29] 
            Id Persona: 2, Nombre: Ivonne, Apellido: Gutierrez,
            Email igutierrez@mail.com
        
11:39:11 PM: DEBUG [Persona_DAO.py:29] 
            Id Persona: 4, Nombre: Carlos, Apellido: Lara,
            Email clara@mail.com
        
11:39:11 PM: DEBUG [Persona_DAO.py:29] 
            Id Persona: 5, Nombre: Marcos, Apellido: Cantu,
            Email mcantu@mail.com
        
11:39:11 PM: DEBUG [Persona_DAO.py:29] 
            Id Persona: 6, Nombre: Angel, Apellido: Quintana,
            Email mquintana@mail.com
        
11:39:11 PM: DEBUG [Persona_DAO.py:29] 
            Id Persona: 7, Nombre: Maria, Apellido: Gonzalez,
            Email mgonzalez@mail.com
        
11:39:11 PM: DEBUG [Persona_DAO.py:29] 
            Id Persona: 9, Nombre: Maria, Apellido: Esparza,
            Email mesparza@mail.com
        
11:39:11 PM: DEBUG [Persona_DAO.py:29] 
            Id Persona: 11, Nombre: Carlos, Apellido: Lara,
            Email clara@mail.com
        
11:39:11 PM: DEBUG [Persona_DAO.py:29] 
            Id Persona: 12, Nombre: Alex, Apellido: Rojas,
            Email arojas@mail.com
        
08:41:44 PM: DEBUG [conexion.py:22] Conexión exitosa: <connection object at 0x0000020849C8ABD0; dsn: 'user=postgres password=xxx dbname=test_db host=127.0.0.1 port=5432', closed: 0>
08:41:44 PM: DEBUG [conexion.py:35] Se abrió correctamente el cursor: <cursor object at 0x000002084A0D8040; closed: 0>
10:20:56 AM: DEBUG [conexion.py:22] Conexión exitosa: <connection object at 0x00000290E3477450; dsn: 'user=postgres password=xxx dbname=test_db host=127.0.0.1 port=5432', closed: 0>
10:20:56 AM: DEBUG [conexion.py:35] Se abrió correctamente el cursor: <cursor object at 0x00000290E3CD4120; closed: 0>
10:20:56 AM: DEBUG [Persona_DAO.py:30] 
            Id Persona: 1, Nombre: Juan, Apellido: Perez,
            Email jperez@mail.com
        
10:20:56 AM: DEBUG [Persona_DAO.py:30] 
            Id Persona: 2, Nombre: Ivonne, Apellido: Gutierrez,
            Email igutierrez@mail.com
        
10:20:56 AM: DEBUG [Persona_DAO.py:30] 
            Id Persona: 4, Nombre: Carlos, Apellido: Lara,
            Email clara@mail.com
        
10:20:56 AM: DEBUG [Persona_DAO.py:30] 
            Id Persona: 5, Nombre: Marcos, Apellido: Cantu,
            Email mcantu@mail.com
        
10:20:56 AM: DEBUG [Persona_DAO.py:30] 
            Id Persona: 6, Nombre: Angel, Apellido: Quintana,
            Email mquintana@mail.com
        
10:20:56 AM: DEBUG [Persona_DAO.py:30] 
            Id Persona: 7, Nombre: Maria, Apellido: Gonzalez,
            Email mgonzalez@mail.com
        
10:20:56 AM: DEBUG [Persona_DAO.py:30] 
            Id Persona: 9, Nombre: Maria, Apellido: Esparza,
            Email mesparza@mail.com
        
10:20:56 AM: DEBUG [Persona_DAO.py:30] 
            Id Persona: 11, Nombre: Carlos, Apellido: Lara,
            Email clara@mail.com
        
10:20:56 AM: DEBUG [Persona_DAO.py:30] 
            Id Persona: 12, Nombre: Alex, Apellido: Rojas,
            Email arojas@mail.com
        
10:32:38 AM: DEBUG [conexion.py:22] Conexión exitosa: <connection object at 0x000002BACFE46CE0; dsn: 'user=postgres password=xxx dbname=test_db host=127.0.0.1 port=5432', closed: 0>
10:32:38 AM: DEBUG [conexion.py:35] Se abrió correctamente el cursor: <cursor object at 0x000002BACFFD8040; closed: 0>
10:35:29 AM: DEBUG [conexion.py:22] Conexión exitosa: <connection object at 0x0000014F10A46CE0; dsn: 'user=postgres password=xxx dbname=test_db host=127.0.0.1 port=5432', closed: 0>
10:36:47 AM: DEBUG [conexion.py:22] Conexión exitosa: <connection object at 0x000001AADB246CE0; dsn: 'user=postgres password=xxx dbname=test_db host=127.0.0.1 port=5432', closed: 0>
10:36:47 AM: DEBUG [Persona_DAO.py:32] Persona a insertada: 
            Id Persona: None, Nombre: Pedro, Apellido: Najera,
            Email pnajera@mail.com
        
10:36:47 AM: DEBUG [Persona_DAO.py:39] Personas insertadas: 1
10:36:47 AM: DEBUG [conexion.py:35] Se abrió correctamente el cursor: <cursor object at 0x000001AADB3D8040; closed: 0>
10:36:47 AM: DEBUG [Persona_DAO.py:45] 
            Id Persona: 1, Nombre: Juan, Apellido: Perez,
            Email jperez@mail.com
        
10:36:47 AM: DEBUG [Persona_DAO.py:45] 
            Id Persona: 2, Nombre: Ivonne, Apellido: Gutierrez,
            Email igutierrez@mail.com
        
10:36:47 AM: DEBUG [Persona_DAO.py:45] 
            Id Persona: 4, Nombre: Carlos, Apellido: Lara,
            Email clara@mail.com
        
10:36:47 AM: DEBUG [Persona_DAO.py:45] 
            Id Persona: 5, Nombre: Marcos, Apellido: Cantu,
            Email mcantu@mail.com
        
10:36:47 AM: DEBUG [Persona_DAO.py:45] 
            Id Persona: 6, Nombre: Angel, Apellido: Quintana,
            Email mquintana@mail.com
        
10:36:47 AM: DEBUG [Persona_DAO.py:45] 
            Id Persona: 7, Nombre: Maria, Apellido: Gonzalez,
            Email mgonzalez@mail.com
        
10:36:47 AM: DEBUG [Persona_DAO.py:45] 
            Id Persona: 9, Nombre: Maria, Apellido: Esparza,
            Email mesparza@mail.com
        
10:36:47 AM: DEBUG [Persona_DAO.py:45] 
            Id Persona: 11, Nombre: Carlos, Apellido: Lara,
            Email clara@mail.com
        
10:36:47 AM: DEBUG [Persona_DAO.py:45] 
            Id Persona: 12, Nombre: Alex, Apellido: Rojas,
            Email arojas@mail.com
        
10:36:47 AM: DEBUG [Persona_DAO.py:45] 
            Id Persona: 13, Nombre: None, Apellido: None,
            Email None
        
10:46:05 AM: DEBUG [conexion.py:22] Conexión exitosa: <connection object at 0x000001D3C4046CE0; dsn: 'user=postgres password=xxx dbname=test_db host=127.0.0.1 port=5432', closed: 0>
10:46:05 AM: DEBUG [Persona_DAO.py:32] Persona a insertar: 
            Id Persona: None, Nombre: Pedro, Apellido: Najera,
            Email pnajera@mail.com
        
10:46:05 AM: DEBUG [Persona_DAO.py:39] Personas insertadas: 1
10:46:05 AM: DEBUG [conexion.py:35] Se abrió correctamente el cursor: <cursor object at 0x000001D3C41D8040; closed: 0>
10:46:05 AM: DEBUG [Persona_DAO.py:45] 
            Id Persona: 1, Nombre: Juan, Apellido: Perez,
            Email jperez@mail.com
        
10:46:05 AM: DEBUG [Persona_DAO.py:45] 
            Id Persona: 2, Nombre: Ivonne, Apellido: Gutierrez,
            Email igutierrez@mail.com
        
10:46:05 AM: DEBUG [Persona_DAO.py:45] 
            Id Persona: 4, Nombre: Carlos, Apellido: Lara,
            Email clara@mail.com
        
10:46:05 AM: DEBUG [Persona_DAO.py:45] 
            Id Persona: 5, Nombre: Marcos, Apellido: Cantu,
            Email mcantu@mail.com
        
10:46:05 AM: DEBUG [Persona_DAO.py:45] 
            Id Persona: 6, Nombre: Angel, Apellido: Quintana,
            Email mquintana@mail.com
        
10:46:05 AM: DEBUG [Persona_DAO.py:45] 
            Id Persona: 7, Nombre: Maria, Apellido: Gonzalez,
            Email mgonzalez@mail.com
        
10:46:05 AM: DEBUG [Persona_DAO.py:45] 
            Id Persona: 9, Nombre: Maria, Apellido: Esparza,
            Email mesparza@mail.com
        
10:46:05 AM: DEBUG [Persona_DAO.py:45] 
            Id Persona: 11, Nombre: Carlos, Apellido: Lara,
            Email clara@mail.com
        
10:46:05 AM: DEBUG [Persona_DAO.py:45] 
            Id Persona: 12, Nombre: Alex, Apellido: Rojas,
            Email arojas@mail.com
        
10:46:05 AM: DEBUG [Persona_DAO.py:45] 
            Id Persona: 14, Nombre: None, Apellido: None,
            Email None
        
10:53:57 AM: DEBUG [conexion.py:22] Conexión exitosa: <connection object at 0x000002E9AB486CE0; dsn: 'user=postgres password=xxx dbname=test_db host=127.0.0.1 port=5432', closed: 0>
10:53:57 AM: DEBUG [Persona_DAO.py:33] Persona a insertar: 
            Id Persona: None, Nombre: Pedro, Apellido: Najera,
            Email pnajera@mail.com
        
10:53:57 AM: DEBUG [Persona_DAO.py:40] Personas insertadas: 1
10:53:57 AM: DEBUG [conexion.py:35] Se abrió correctamente el cursor: <cursor object at 0x000002E9AB8D8040; closed: 0>
10:53:57 AM: DEBUG [Persona_DAO.py:46] 
            Id Persona: 1, Nombre: Juan, Apellido: Perez,
            Email jperez@mail.com
        
10:53:57 AM: DEBUG [Persona_DAO.py:46] 
            Id Persona: 2, Nombre: Ivonne, Apellido: Gutierrez,
            Email igutierrez@mail.com
        
10:53:57 AM: DEBUG [Persona_DAO.py:46] 
            Id Persona: 4, Nombre: Carlos, Apellido: Lara,
            Email clara@mail.com
        
10:53:57 AM: DEBUG [Persona_DAO.py:46] 
            Id Persona: 5, Nombre: Marcos, Apellido: Cantu,
            Email mcantu@mail.com
        
10:53:57 AM: DEBUG [Persona_DAO.py:46] 
            Id Persona: 6, Nombre: Angel, Apellido: Quintana,
            Email mquintana@mail.com
        
10:53:57 AM: DEBUG [Persona_DAO.py:46] 
            Id Persona: 7, Nombre: Maria, Apellido: Gonzalez,
            Email mgonzalez@mail.com
        
10:53:57 AM: DEBUG [Persona_DAO.py:46] 
            Id Persona: 9, Nombre: Maria, Apellido: Esparza,
            Email mesparza@mail.com
        
10:53:57 AM: DEBUG [Persona_DAO.py:46] 
            Id Persona: 11, Nombre: Carlos, Apellido: Lara,
            Email clara@mail.com
        
10:53:57 AM: DEBUG [Persona_DAO.py:46] 
            Id Persona: 12, Nombre: Alex, Apellido: Rojas,
            Email arojas@mail.com
        
10:53:57 AM: DEBUG [Persona_DAO.py:46] 
            Id Persona: 15, Nombre: None, Apellido: None,
            Email None
        
11:00:46 AM: DEBUG [conexion.py:22] Conexión exitosa: <connection object at 0x000001DD5B886CE0; dsn: 'user=postgres password=xxx dbname=test_db host=127.0.0.1 port=5432', closed: 0>
11:00:46 AM: DEBUG [Persona_DAO.py:33] Persona a insertar: 
            Id Persona: None, Nombre: Pedro, Apellido: Najera,
            Email: pnajera@mail.com
        
11:00:46 AM: DEBUG [Persona_DAO.py:40] Personas insertadas: 1
11:00:46 AM: DEBUG [conexion.py:35] Se abrió correctamente el cursor: <cursor object at 0x000001DD5BCD90E0; closed: 0>
11:00:46 AM: DEBUG [Persona_DAO.py:46] 
            Id Persona: 1, Nombre: Juan, Apellido: Perez,
            Email: jperez@mail.com
        
11:00:46 AM: DEBUG [Persona_DAO.py:46] 
            Id Persona: 2, Nombre: Ivonne, Apellido: Gutierrez,
            Email: igutierrez@mail.com
        
11:00:46 AM: DEBUG [Persona_DAO.py:46] 
            Id Persona: 4, Nombre: Carlos, Apellido: Lara,
            Email: clara@mail.com
        
11:00:46 AM: DEBUG [Persona_DAO.py:46] 
            Id Persona: 5, Nombre: Marcos, Apellido: Cantu,
            Email: mcantu@mail.com
        
11:00:46 AM: DEBUG [Persona_DAO.py:46] 
            Id Persona: 6, Nombre: Angel, Apellido: Quintana,
            Email: mquintana@mail.com
        
11:00:46 AM: DEBUG [Persona_DAO.py:46] 
            Id Persona: 7, Nombre: Maria, Apellido: Gonzalez,
            Email: mgonzalez@mail.com
        
11:00:46 AM: DEBUG [Persona_DAO.py:46] 
            Id Persona: 9, Nombre: Maria, Apellido: Esparza,
            Email: mesparza@mail.com
        
11:00:46 AM: DEBUG [Persona_DAO.py:46] 
            Id Persona: 11, Nombre: Carlos, Apellido: Lara,
            Email: clara@mail.com
        
11:00:46 AM: DEBUG [Persona_DAO.py:46] 
            Id Persona: 12, Nombre: Alex, Apellido: Rojas,
            Email: arojas@mail.com
        
11:00:46 AM: DEBUG [Persona_DAO.py:46] 
            Id Persona: 15, Nombre: None, Apellido: None,
            Email: None
        
11:00:46 AM: DEBUG [Persona_DAO.py:46] 
            Id Persona: 16, Nombre: None, Apellido: None,
            Email: None
        
11:07:25 AM: DEBUG [Persona.py:50] 
            Id Persona: 1, Nombre: Juan, Apellido: Perez,
            Email: jperez@mail.com
        
11:07:25 AM: DEBUG [Persona.py:53] 
            Id Persona: None, Nombre: Juan, Apellido: Perez,
            Email: jperez@mail.com
        
11:07:25 AM: DEBUG [Persona.py:56] 
            Id Persona: 1, Nombre: None, Apellido: None,
            Email: None
        
11:09:31 AM: DEBUG [Persona.py:50] 
            Id Persona: 1, Nombre: Juan, Apellido: Perez,
            Email: jperez@mail.com
        
11:10:14 AM: DEBUG [Persona.py:53] 
            Id Persona: None, Nombre: Juan, Apellido: Perez,
            Email: jperez@mail.com
        
11:10:58 AM: DEBUG [Persona.py:56] 
            Id Persona: 1, Nombre: None, Apellido: None,
            Email: None
        
11:27:19 AM: DEBUG [Persona.py:50] 
            Id Persona: 1, Nombre: Juan, Apellido: Perez,
            Email: jperez@mail.com
        
11:27:19 AM: DEBUG [Persona.py:53] 
            Id Persona: None, Nombre: Juan, Apellido: Perez,
            Email: jperez@mail.com
        
11:27:19 AM: DEBUG [Persona.py:56] 
            Id Persona: 1, Nombre: None, Apellido: None,
            Email: None
        
11:27:41 AM: DEBUG [conexion.py:22] Conexión exitosa: <connection object at 0x0000027746E86CE0; dsn: 'user=postgres password=xxx dbname=test_db host=127.0.0.1 port=5432', closed: 0>
11:27:41 AM: DEBUG [Persona_DAO.py:32] Persona a insertar: 
            Id Persona: None, Nombre: Pedro, Apellido: Najera,
            Email: pnajera@mail.com
        
11:27:41 AM: DEBUG [Persona_DAO.py:39] Personas insertadas: 1
11:27:41 AM: DEBUG [Persona_DAO.py:40] None
11:27:41 AM: DEBUG [conexion.py:35] Se abrió correctamente el cursor: <cursor object at 0x00000277472D8040; closed: 0>
11:27:41 AM: DEBUG [Persona_DAO.py:46] 
            Id Persona: 1, Nombre: Juan, Apellido: Perez,
            Email: jperez@mail.com
        
11:27:41 AM: DEBUG [Persona_DAO.py:46] 
            Id Persona: 2, Nombre: Ivonne, Apellido: Gutierrez,
            Email: igutierrez@mail.com
        
11:27:41 AM: DEBUG [Persona_DAO.py:46] 
            Id Persona: 4, Nombre: Carlos, Apellido: Lara,
            Email: clara@mail.com
        
11:27:41 AM: DEBUG [Persona_DAO.py:46] 
            Id Persona: 5, Nombre: Marcos, Apellido: Cantu,
            Email: mcantu@mail.com
        
11:27:41 AM: DEBUG [Persona_DAO.py:46] 
            Id Persona: 6, Nombre: Angel, Apellido: Quintana,
            Email: mquintana@mail.com
        
11:27:41 AM: DEBUG [Persona_DAO.py:46] 
            Id Persona: 7, Nombre: Maria, Apellido: Gonzalez,
            Email: mgonzalez@mail.com
        
11:27:41 AM: DEBUG [Persona_DAO.py:46] 
            Id Persona: 9, Nombre: Maria, Apellido: Esparza,
            Email: mesparza@mail.com
        
11:27:41 AM: DEBUG [Persona_DAO.py:46] 
            Id Persona: 11, Nombre: Carlos, Apellido: Lara,
            Email: clara@mail.com
        
11:27:41 AM: DEBUG [Persona_DAO.py:46] 
            Id Persona: 12, Nombre: Alex, Apellido: Rojas,
            Email: arojas@mail.com
        
11:27:41 AM: DEBUG [Persona_DAO.py:46] 
            Id Persona: 15, Nombre: None, Apellido: None,
            Email: None
        
11:27:41 AM: DEBUG [Persona_DAO.py:46] 
            Id Persona: 16, Nombre: None, Apellido: None,
            Email: None
        
11:27:41 AM: DEBUG [Persona_DAO.py:46] 
            Id Persona: 17, Nombre: None, Apellido: None,
            Email: None
        
09:46:11 PM: DEBUG [conexion.py:22] Conexión exitosa: <connection object at 0x00000212BF246CE0; dsn: 'user=postgres password=xxx dbname=test_db host=127.0.0.1 port=5432', closed: 0>
09:46:11 PM: DEBUG [Persona_DAO.py:32] Persona insertada: 
            Id Persona: None, Nombre: Pedro, Apellido: Najera,
            Email: pnajera@mail.com
        
09:46:11 PM: DEBUG [Persona_DAO.py:39] Personas insertadas: 1
09:46:11 PM: DEBUG [Persona_DAO.py:40] None
09:46:11 PM: DEBUG [conexion.py:35] Se abrió correctamente el cursor: <cursor object at 0x00000212BF3D8040; closed: 0>
09:46:11 PM: DEBUG [Persona_DAO.py:46] 
            Id Persona: 1, Nombre: Juan, Apellido: Perez,
            Email: jperez@mail.com
        
09:46:11 PM: DEBUG [Persona_DAO.py:46] 
            Id Persona: 2, Nombre: Ivonne, Apellido: Gutierrez,
            Email: igutierrez@mail.com
        
09:46:11 PM: DEBUG [Persona_DAO.py:46] 
            Id Persona: 4, Nombre: Carlos, Apellido: Lara,
            Email: clara@mail.com
        
09:46:11 PM: DEBUG [Persona_DAO.py:46] 
            Id Persona: 5, Nombre: Marcos, Apellido: Cantu,
            Email: mcantu@mail.com
        
09:46:11 PM: DEBUG [Persona_DAO.py:46] 
            Id Persona: 6, Nombre: Angel, Apellido: Quintana,
            Email: mquintana@mail.com
        
09:46:11 PM: DEBUG [Persona_DAO.py:46] 
            Id Persona: 7, Nombre: Maria, Apellido: Gonzalez,
            Email: mgonzalez@mail.com
        
09:46:11 PM: DEBUG [Persona_DAO.py:46] 
            Id Persona: 9, Nombre: Maria, Apellido: Esparza,
            Email: mesparza@mail.com
        
09:46:11 PM: DEBUG [Persona_DAO.py:46] 
            Id Persona: 11, Nombre: Carlos, Apellido: Lara,
            Email: clara@mail.com
        
09:46:11 PM: DEBUG [Persona_DAO.py:46] 
            Id Persona: 12, Nombre: Alex, Apellido: Rojas,
            Email: arojas@mail.com
        
09:46:11 PM: DEBUG [Persona_DAO.py:46] 
            Id Persona: 18, Nombre: None, Apellido: None,
            Email: None
        
10:03:01 PM: DEBUG [conexion.py:22] Conexión exitosa: <connection object at 0x00000212BC686CE0; dsn: 'user=postgres password=xxx dbname=test_db host=127.0.0.1 port=5432', closed: 0>
10:03:01 PM: DEBUG [Persona_DAO.py:32] Persona insertada: 
            Id Persona: None, Nombre: Pedro, Apellido: Najera,
            Email: pnajera@mail.com
        
10:03:01 PM: DEBUG [Persona_DAO.py:39] Personas insertadas: 1
10:03:01 PM: DEBUG [Persona_DAO.py:40] Pedro
10:03:01 PM: DEBUG [conexion.py:35] Se abrió correctamente el cursor: <cursor object at 0x00000212BCAD90E0; closed: 0>
10:03:01 PM: DEBUG [Persona_DAO.py:46] 
            Id Persona: 1, Nombre: Juan, Apellido: Perez,
            Email: jperez@mail.com
        
10:03:01 PM: DEBUG [Persona_DAO.py:46] 
            Id Persona: 2, Nombre: Ivonne, Apellido: Gutierrez,
            Email: igutierrez@mail.com
        
10:03:01 PM: DEBUG [Persona_DAO.py:46] 
            Id Persona: 4, Nombre: Carlos, Apellido: Lara,
            Email: clara@mail.com
        
10:03:01 PM: DEBUG [Persona_DAO.py:46] 
            Id Persona: 5, Nombre: Marcos, Apellido: Cantu,
            Email: mcantu@mail.com
        
10:03:01 PM: DEBUG [Persona_DAO.py:46] 
            Id Persona: 6, Nombre: Angel, Apellido: Quintana,
            Email: mquintana@mail.com
        
10:03:01 PM: DEBUG [Persona_DAO.py:46] 
            Id Persona: 7, Nombre: Maria, Apellido: Gonzalez,
            Email: mgonzalez@mail.com
        
10:03:01 PM: DEBUG [Persona_DAO.py:46] 
            Id Persona: 9, Nombre: Maria, Apellido: Esparza,
            Email: mesparza@mail.com
        
10:03:01 PM: DEBUG [Persona_DAO.py:46] 
            Id Persona: 11, Nombre: Carlos, Apellido: Lara,
            Email: clara@mail.com
        
10:03:01 PM: DEBUG [Persona_DAO.py:46] 
            Id Persona: 12, Nombre: Alex, Apellido: Rojas,
            Email: arojas@mail.com
        
10:03:01 PM: DEBUG [Persona_DAO.py:46] 
            Id Persona: 19, Nombre: Pedro, Apellido: Najera,
            Email: pnajera@mail.com
        
10:14:33 PM: DEBUG [conexion.py:22] Conexión exitosa: <connection object at 0x0000023D2E64EBD0; dsn: 'user=postgres password=xxx dbname=test_db host=127.0.0.1 port=5432', closed: 0>
10:14:33 PM: DEBUG [conexion.py:35] Se abrió correctamente el cursor: <cursor object at 0x0000023D2E7D8040; closed: 0>
10:14:33 PM: DEBUG [Persona_DAO.py:54] Personas actualizadas: 1
10:19:39 PM: DEBUG [conexion.py:22] Conexión exitosa: <connection object at 0x000001D38D84ABD0; dsn: 'user=postgres password=xxx dbname=test_db host=127.0.0.1 port=5432', closed: 0>
10:19:39 PM: DEBUG [conexion.py:35] Se abrió correctamente el cursor: <cursor object at 0x000001D38D9D8040; closed: 0>
10:19:39 PM: DEBUG [Persona_DAO.py:42] Persona actualizada: 
            Id Persona: 1, Nombre: Juan Carlos, Apellido: Juarez,
            Email: cjjuarez@mail.com
        
10:19:39 PM: DEBUG [Persona_DAO.py:55] Personas actualizadas: 1
10:19:39 PM: DEBUG [Persona_DAO.py:60] 
            Id Persona: 1, Nombre: Juan Carlos, Apellido: Juarez,
            Email: cjjuarez@mail.com
        
10:19:39 PM: DEBUG [Persona_DAO.py:60] 
            Id Persona: 2, Nombre: Ivonne, Apellido: Gutierrez,
            Email: igutierrez@mail.com
        
10:19:39 PM: DEBUG [Persona_DAO.py:60] 
            Id Persona: 4, Nombre: Carlos, Apellido: Lara,
            Email: clara@mail.com
        
10:19:39 PM: DEBUG [Persona_DAO.py:60] 
            Id Persona: 5, Nombre: Marcos, Apellido: Cantu,
            Email: mcantu@mail.com
        
10:19:39 PM: DEBUG [Persona_DAO.py:60] 
            Id Persona: 6, Nombre: Angel, Apellido: Quintana,
            Email: mquintana@mail.com
        
10:19:39 PM: DEBUG [Persona_DAO.py:60] 
            Id Persona: 7, Nombre: Maria, Apellido: Gonzalez,
            Email: mgonzalez@mail.com
        
10:19:39 PM: DEBUG [Persona_DAO.py:60] 
            Id Persona: 9, Nombre: Maria, Apellido: Esparza,
            Email: mesparza@mail.com
        
10:19:39 PM: DEBUG [Persona_DAO.py:60] 
            Id Persona: 11, Nombre: Carlos, Apellido: Lara,
            Email: clara@mail.com
        
10:19:39 PM: DEBUG [Persona_DAO.py:60] 
            Id Persona: 12, Nombre: Alex, Apellido: Rojas,
            Email: arojas@mail.com
        
10:19:39 PM: DEBUG [Persona_DAO.py:60] 
            Id Persona: 19, Nombre: Pedro, Apellido: Najera,
            Email: pnajera@mail.com
        
10:25:48 PM: DEBUG [conexion.py:22] Conexión exitosa: <connection object at 0x0000029A7204ABD0; dsn: 'user=postgres password=xxx dbname=test_db host=127.0.0.1 port=5432', closed: 0>
10:25:48 PM: DEBUG [conexion.py:35] Se abrió correctamente el cursor: <cursor object at 0x0000029A721DC040; closed: 0>
10:25:48 PM: DEBUG [Persona_DAO.py:51] Objeto eliminado: 
            Id Persona: 19, Nombre: None, Apellido: None,
            Email: None
        
10:25:48 PM: DEBUG [Persona_DAO.py:69] Personas eliminadas: 1
10:25:48 PM: DEBUG [Persona_DAO.py:74] 
            Id Persona: 1, Nombre: Juan Carlos, Apellido: Juarez,
            Email: cjjuarez@mail.com
        
10:25:48 PM: DEBUG [Persona_DAO.py:74] 
            Id Persona: 2, Nombre: Ivonne, Apellido: Gutierrez,
            Email: igutierrez@mail.com
        
10:25:48 PM: DEBUG [Persona_DAO.py:74] 
            Id Persona: 4, Nombre: Carlos, Apellido: Lara,
            Email: clara@mail.com
        
10:25:48 PM: DEBUG [Persona_DAO.py:74] 
            Id Persona: 5, Nombre: Marcos, Apellido: Cantu,
            Email: mcantu@mail.com
        
10:25:48 PM: DEBUG [Persona_DAO.py:74] 
            Id Persona: 6, Nombre: Angel, Apellido: Quintana,
            Email: mquintana@mail.com
        
10:25:48 PM: DEBUG [Persona_DAO.py:74] 
            Id Persona: 7, Nombre: Maria, Apellido: Gonzalez,
            Email: mgonzalez@mail.com
        
10:25:48 PM: DEBUG [Persona_DAO.py:74] 
            Id Persona: 9, Nombre: Maria, Apellido: Esparza,
            Email: mesparza@mail.com
        
10:25:48 PM: DEBUG [Persona_DAO.py:74] 
            Id Persona: 11, Nombre: Carlos, Apellido: Lara,
            Email: clara@mail.com
        
10:25:48 PM: DEBUG [Persona_DAO.py:74] 
            Id Persona: 12, Nombre: Alex, Apellido: Rojas,
            Email: arojas@mail.com
        
